packages/video_player/video_player_android/example/build/app/intermediates/manifest_merge_blame_file/debug/manifest-merger-blame-debug-report.txt
1<?xml version="1.0" encoding="utf-8"?>
2<manifest xmlns:android="http://schemas.android.com/apk/res/android"
3    package="io.flutter.plugins.videoplayerexample"
4    android:versionCode="1"
5    android:versionName="1.0" >
6
7    <uses-sdk
8        android:minSdkVersion="21"
8-->src/main/AndroidManifest.xml
9        android:targetSdkVersion="29" />
9-->src/main/AndroidManifest.xml
10
11    <uses-permission android:name="android.permission.INTERNET" />
11-->src/main/AndroidManifest.xml:22:3-64
11-->src/main/AndroidManifest.xml:22:20-62
12    <uses-permission android:name="android.permission.ACCESS_NETWORK_STATE" />
12-->[com.google.android.exoplayer:exoplayer-core:2.14.1] AndroidManifest.xml:24:5-79
12-->[com.google.android.exoplayer:exoplayer-core:2.14.1] AndroidManifest.xml:24:22-76
13
14    <application
14-->src/main/AndroidManifest.xml:4:3-20:17
15        android:appComponentFactory="androidx.core.app.CoreComponentFactory"
15-->[androidx.core:core:1.6.0] AndroidManifest.xml:24:18-86
16        android:debuggable="true"
17        android:icon="@mipmap/ic_launcher"
17-->src/main/AndroidManifest.xml:5:5-39
18        android:label="video_player_example"
18-->src/main/AndroidManifest.xml:6:5-41
19        android:networkSecurityConfig="@xml/network_security_config" >
19-->src/main/AndroidManifest.xml:7:5-65
20        <activity
20-->src/main/AndroidManifest.xml:8:5-18:16
21            android:name="io.flutter.embedding.android.FlutterActivity"
21-->src/main/AndroidManifest.xml:11:7-66
22            android:configChanges="orientation|keyboardHidden|keyboard|screenSize|locale|layoutDirection"
22-->src/main/AndroidManifest.xml:9:7-100
23            android:hardwareAccelerated="true"
23-->src/main/AndroidManifest.xml:10:7-41
24            android:theme="@style/LaunchTheme"
24-->src/main/AndroidManifest.xml:12:7-41
25            android:windowSoftInputMode="adjustResize" >
25-->src/main/AndroidManifest.xml:13:7-49
26            <intent-filter>
26-->src/main/AndroidManifest.xml:14:7-17:23
27                <action android:name="android.intent.action.MAIN" />
27-->src/main/AndroidManifest.xml:15:9-60
27-->src/main/AndroidManifest.xml:15:17-58
28
29                <category android:name="android.intent.category.LAUNCHER" />
29-->src/main/AndroidManifest.xml:16:9-68
29-->src/main/AndroidManifest.xml:16:19-66
30            </intent-filter>
31        </activity>
32
33        <meta-data
33-->src/main/AndroidManifest.xml:19:5-67
34            android:name="flutterEmbedding"
34-->src/main/AndroidManifest.xml:19:16-47
35            android:value="2" />
35-->src/main/AndroidManifest.xml:19:48-65
36
37        <uses-library
37-->[androidx.window:window:1.0.0-beta04] AndroidManifest.xml:25:9-27:40
38            android:name="androidx.window.extensions"
38-->[androidx.window:window:1.0.0-beta04] AndroidManifest.xml:26:13-54
39            android:required="false" />
39-->[androidx.window:window:1.0.0-beta04] AndroidManifest.xml:27:13-37
40        <uses-library
40-->[androidx.window:window:1.0.0-beta04] AndroidManifest.xml:28:9-30:40
41            android:name="androidx.window.sidecar"
41-->[androidx.window:window:1.0.0-beta04] AndroidManifest.xml:29:13-51
42            android:required="false" />
42-->[androidx.window:window:1.0.0-beta04] AndroidManifest.xml:30:13-37
43    </application>
44
45</manifest>